# JRE version: Java(TM) SE Runtime Environment (8.0_45-b14) (build 1.8.0_45-b14)
# Java VM: Java HotSpot(TM) 64-Bit Server VM (25.45-b02 mixed mode linux-amd64 compressed oops)
Heap:
 PSYoungGen      total 115712K, used 0K [0x00000000f0000000, 0x00000000f8780000, 0x0000000100000000)
  eden space 106496K, 0% used [0x00000000f0000000,0x00000000f0000000,0x00000000f6800000)
  from space 9216K, 0% used [0x00000000f7580000,0x00000000f7580000,0x00000000f7e80000)
  to   space 13824K, 0% used [0x00000000f6800000,0x00000000f6800000,0x00000000f7580000)
 ParOldGen       total 41472K, used 33894K [0x00000000d0000000, 0x00000000d2880000, 0x00000000f0000000)
  object space 41472K, 81% used [0x00000000d0000000,0x00000000d2119be0,0x00000000d2880000)
 Metaspace       used 54164K, capacity 54398K, committed 54784K, reserved 1093632K
  class space    used 10129K, capacity 10196K, committed 10240K, reserved 1048576K
GC Heap History (10 events):
Event: 76.448 GC heap after
Heap after GC invocations=36 (full 2):
 PSYoungGen      total 91648K, used 1328K [0x00000000f0000000, 0x00000000f6280000, 0x0000000100000000)
  eden space 83456K, 0% used [0x00000000f0000000,0x00000000f0000000,0x00000000f5180000)
  from space 8192K, 16% used [0x00000000f5a80000,0x00000000f5bcc060,0x00000000f6280000)
  to   space 8704K, 0% used [0x00000000f5180000,0x00000000f5180000,0x00000000f5a00000)
 ParOldGen       total 39936K, used 25845K [0x00000000d0000000, 0x00000000d2700000, 0x00000000f0000000)
  object space 39936K, 64% used [0x00000000d0000000,0x00000000d193d520,0x00000000d2700000)
 Metaspace       used 44068K, capacity 44316K, committed 44544K, reserved 1085440K
  class space    used 7814K, capacity 7879K, committed 7936K, reserved 1048576K
}
Event: 89.930 GC heap before
{Heap before GC invocations=37 (full 2):
 PSYoungGen      total 91648K, used 84784K [0x00000000f0000000, 0x00000000f6280000, 0x0000000100000000)
  eden space 83456K, 100% used [0x00000000f0000000,0x00000000f5180000,0x00000000f5180000)
  from space 8192K, 16% used [0x00000000f5a80000,0x00000000f5bcc060,0x00000000f6280000)
  to   space 8704K, 0% used [0x00000000f5180000,0x00000000f5180000,0x00000000f5a00000)
 ParOldGen       total 39936K, used 25845K [0x00000000d0000000, 0x00000000d2700000, 0x00000000f0000000)
  object space 39936K, 64% used [0x00000000d0000000,0x00000000d193d520,0x00000000d2700000)
 Metaspace       used 46075K, capacity 46242K, committed 46592K, reserved 1087488K
  class space    used 8332K, capacity 8393K, committed 8448K, reserved 1048576K
Event: 90.546 GC heap after
Heap after GC invocations=37 (full 2):
 PSYoungGen      total 92160K, used 5679K [0x00000000f0000000, 0x00000000f7180000, 0x0000000100000000)
  eden space 83456K, 0% used [0x00000000f0000000,0x00000000f0000000,0x00000000f5180000)
  from space 8704K, 65% used [0x00000000f5180000,0x00000000f570bff8,0x00000000f5a00000)
  to   space 9216K, 0% used [0x00000000f6880000,0x00000000f6880000,0x00000000f7180000)
 ParOldGen       total 39936K, used 26934K [0x00000000d0000000, 0x00000000d2700000, 0x00000000f0000000)
  object space 39936K, 67% used [0x00000000d0000000,0x00000000d1a4da78,0x00000000d2700000)
 Metaspace       used 46075K, capacity 46242K, committed 46592K, reserved 1087488K
  class space    used 8332K, capacity 8393K, committed 8448K, reserved 1048576K
}
Event: 105.079 GC heap before
{Heap before GC invocations=38 (full 2):
 PSYoungGen      total 92160K, used 89135K [0x00000000f0000000, 0x00000000f7180000, 0x0000000100000000)
  eden space 83456K, 100% used [0x00000000f0000000,0x00000000f5180000,0x00000000f5180000)
  from space 8704K, 65% used [0x00000000f5180000,0x00000000f570bff8,0x00000000f5a00000)
  to   space 9216K, 0% used [0x00000000f6880000,0x00000000f6880000,0x00000000f7180000)
 ParOldGen       total 39936K, used 26934K [0x00000000d0000000, 0x00000000d2700000, 0x00000000f0000000)
  object space 39936K, 67% used [0x00000000d0000000,0x00000000d1a4da78,0x00000000d2700000)
 Metaspace       used 49235K, capacity 49536K, committed 49664K, reserved 1089536K
  class space    used 9134K, capacity 9214K, committed 9216K, reserved 1048576K
Event: 105.155 GC heap after
Heap after GC invocations=38 (full 2):
 PSYoungGen      total 104960K, used 4998K [0x00000000f0000000, 0x00000000f7080000, 0x0000000100000000)
  eden space 96768K, 0% used [0x00000000f0000000,0x00000000f0000000,0x00000000f5e80000)
  from space 8192K, 61% used [0x00000000f6880000,0x00000000f6d61a90,0x00000000f7080000)
  to   space 9216K, 0% used [0x00000000f5e80000,0x00000000f5e80000,0x00000000f6780000)
 ParOldGen       total 39936K, used 30734K [0x00000000d0000000, 0x00000000d2700000, 0x00000000f0000000)
  object space 39936K, 76% used [0x00000000d0000000,0x00000000d1e03b58,0x00000000d2700000)
 Metaspace       used 49235K, capacity 49536K, committed 49664K, reserved 1089536K
  class space    used 9134K, capacity 9214K, committed 9216K, reserved 1048576K
}
Event: 109.395 GC heap before
{Heap before GC invocations=39 (full 2):
 PSYoungGen      total 104960K, used 101766K [0x00000000f0000000, 0x00000000f7080000, 0x0000000100000000)
  eden space 96768K, 100% used [0x00000000f0000000,0x00000000f5e80000,0x00000000f5e80000)
  from space 8192K, 61% used [0x00000000f6880000,0x00000000f6d61a90,0x00000000f7080000)
  to   space 9216K, 0% used [0x00000000f5e80000,0x00000000f5e80000,0x00000000f6780000)
 ParOldGen       total 39936K, used 30734K [0x00000000d0000000, 0x00000000d2700000, 0x00000000f0000000)
  object space 39936K, 76% used [0x00000000d0000000,0x00000000d1e03b58,0x00000000d2700000)
 Metaspace       used 50007K, capacity 50336K, committed 50432K, reserved 1089536K
  class space    used 9365K, capacity 9438K, committed 9472K, reserved 1048576K
Event: 109.418 GC heap after
Heap after GC invocations=39 (full 2):
 PSYoungGen      total 105984K, used 4448K [0x00000000f0000000, 0x00000000f7e80000, 0x0000000100000000)
  eden space 96768K, 0% used [0x00000000f0000000,0x00000000f0000000,0x00000000f5e80000)
  from space 9216K, 48% used [0x00000000f5e80000,0x00000000f62d8000,0x00000000f6780000)
  to   space 9216K, 0% used [0x00000000f7580000,0x00000000f7580000,0x00000000f7e80000)
 ParOldGen       total 39936K, used 32742K [0x00000000d0000000, 0x00000000d2700000, 0x00000000f0000000)
  object space 39936K, 81% used [0x00000000d0000000,0x00000000d1ff9a80,0x00000000d2700000)
 Metaspace       used 50007K, capacity 50336K, committed 50432K, reserved 1089536K
  class space    used 9365K, capacity 9438K, committed 9472K, reserved 1048576K
}
Event: 158.271 GC heap before
{Heap before GC invocations=40 (full 2):
 PSYoungGen      total 105984K, used 101216K [0x00000000f0000000, 0x00000000f7e80000, 0x0000000100000000)
  eden space 96768K, 100% used [0x00000000f0000000,0x00000000f5e80000,0x00000000f5e80000)
  from space 9216K, 48% used [0x00000000f5e80000,0x00000000f62d8000,0x00000000f6780000)
  to   space 9216K, 0% used [0x00000000f7580000,0x00000000f7580000,0x00000000f7e80000)
 ParOldGen       total 39936K, used 32742K [0x00000000d0000000, 0x00000000d2700000, 0x00000000f0000000)
  object space 39936K, 81% used [0x00000000d0000000,0x00000000d1ff9a80,0x00000000d2700000)
 Metaspace       used 54217K, capacity 54496K, committed 54784K, reserved 1093632K
  class space    used 10138K, capacity 10206K, committed 10240K, reserved 1048576K
Event: 158.794 GC heap after
Heap after GC invocations=40 (full 2):
 PSYoungGen      total 115712K, used 9184K [0x00000000f0000000, 0x00000000f8780000, 0x0000000100000000)
  eden space 106496K, 0% used [0x00000000f0000000,0x00000000f0000000,0x00000000f6800000)
  from space 9216K, 99% used [0x00000000f7580000,0x00000000f7e78060,0x00000000f7e80000)
  to   space 13824K, 0% used [0x00000000f6800000,0x00000000f6800000,0x00000000f7580000)
 ParOldGen       total 41472K, used 41003K [0x00000000d0000000, 0x00000000d2880000, 0x00000000f0000000)
  object space 41472K, 98% used [0x00000000d0000000,0x00000000d280aea0,0x00000000d2880000)
 Metaspace       used 54217K, capacity 54496K, committed 54784K, reserved 1093632K
  class space    used 10138K, capacity 10206K, committed 10240K, reserved 1048576K
}
Event: 158.794 GC heap before
{Heap before GC invocations=41 (full 3):
 PSYoungGen      total 115712K, used 9184K [0x00000000f0000000, 0x00000000f8780000, 0x0000000100000000)
  eden space 106496K, 0% used [0x00000000f0000000,0x00000000f0000000,0x00000000f6800000)
  from space 9216K, 99% used [0x00000000f7580000,0x00000000f7e78060,0x00000000f7e80000)
  to   space 13824K, 0% used [0x00000000f6800000,0x00000000f6800000,0x00000000f7580000)
 ParOldGen       total 41472K, used 41003K [0x00000000d0000000, 0x00000000d2880000, 0x00000000f0000000)
  object space 41472K, 98% used [0x00000000d0000000,0x00000000d280aea0,0x00000000d2880000)
 Metaspace       used 54217K, capacity 54496K, committed 54784K, reserved 1093632K
  class space    used 10138K, capacity 10206K, committed 10240K, reserved 1048576K

